<?xml version="1.0" encoding="UTF-8"?>
<!-- Generated by org.testng.reporters.JUnitXMLReporter -->
<testsuite ignored="0" hostname="PF4MCY6E" failures="0" tests="4" name="Test" time="46.841" errors="0" timestamp="2026-06-10T17:37:20 IST">
  <testcase classname="com.qa.hvcom.tests.HomePageTest" name="HomePageTitletest" time="5.722"/>
  <testcase classname="com.qa.hvcom.tests.HomePageTest" name="goToSolutionsTest" time="0.447"/>
  <testcase classname="com.qa.hvcom.tests.HomePageTest" name="goToServicesTest" time="10.77"/>
  <testcase classname="com.qa.hvcom.tests.HomePageTest" name="goToPartnersTest" time="15.844"/>
</testsuite> <!-- Test -->
