<?xml version="1.0" encoding="UTF-8"?>
<!-- Generated by org.testng.reporters.JUnitXMLReporter -->
<testsuite ignored="0" hostname="PF4MCY6E" failures="0" tests="4" name="Test" time="53.751" errors="0" timestamp="2026-06-10T16:55:04 IST">
  <testcase classname="com.qa.hvcom.tests.HomePageTest" name="HomePageTitletest" time="5.675"/>
  <testcase classname="com.qa.hvcom.tests.HomePageTest" name="goToSolutionsTest" time="0.402"/>
  <testcase classname="com.qa.hvcom.tests.HomePageTest" name="goToServicesTest" time="10.898"/>
  <testcase classname="com.qa.hvcom.tests.HomePageTest" name="goToPartnersTest" time="15.774"/>
</testsuite> <!-- Test -->
