<?xml version="1.0" encoding="UTF-8"?>
<testsuite xmlns:xsi="http://www.w3.org/2001/XMLSchema-instance" xsi:noNamespaceSchemaLocation="https://maven.apache.org/surefire/maven-surefire-plugin/xsd/surefire-test-report.xsd" name="TestSuite" time="61.426" tests="4" errors="0" skipped="0" failures="0">
  <properties>
[...]
</properties>
  <testcase name="HomePageTitletest" classname="com.qa.hvcom.tests.HomePageTest" time="6.055"/>
  <testcase name="goToSolutionsTest" classname="com.qa.hvcom.tests.HomePageTest" time="0.435"/>
  <testcase name="goToServicesTest" classname="com.qa.hvcom.tests.HomePageTest" time="10.914"/>
  <testcase name="goToPartnersTest" classname="com.qa.hvcom.tests.HomePageTest" time="15.783"/>
</testsuite>