<?xml version="1.0" encoding="UTF-8"?>
<!-- Generated by org.testng.reporters.JUnitReportReporter -->
<testsuite hostname="PF4MCY6E" failures="0" tests="4" name="com.qa.hvcom.tests.HomePageTest" time="32.749" errors="0" timestamp="2026-06-10T16:55:05 IST" skipped="0">
  <testcase classname="com.qa.hvcom.tests.HomePageTest" name="HomePageTitletest" time="5.675"/>
  <system-out/>
  <testcase classname="com.qa.hvcom.tests.HomePageTest" name="goToSolutionsTest" time="0.402"/>
  <system-out/>
  <testcase classname="com.qa.hvcom.tests.HomePageTest" name="goToServicesTest" time="10.898"/>
  <system-out/>
  <testcase classname="com.qa.hvcom.tests.HomePageTest" name="goToPartnersTest" time="15.774"/>
  <system-out/>
</testsuite> <!-- com.qa.hvcom.tests.HomePageTest -->
