<?xml version="1.0" encoding="UTF-8"?>
<!-- Generated by org.testng.reporters.JUnitReportReporter -->
<testsuite hostname="PF4MCY6E" failures="0" tests="4" name="com.qa.hvcom.tests.HomePageTest" time="37.037" errors="0" timestamp="2026-06-10T12:30:55 IST" skipped="0">
  <testcase classname="com.qa.hvcom.tests.HomePageTest" name="HomePageTitletest" time="9.840"/>
  <system-out/>
  <testcase classname="com.qa.hvcom.tests.HomePageTest" name="goToSolutionsTest" time="0.490"/>
  <system-out/>
  <testcase classname="com.qa.hvcom.tests.HomePageTest" name="goToServicesTest" time="10.925"/>
  <system-out/>
  <testcase classname="com.qa.hvcom.tests.HomePageTest" name="goToPartnersTest" time="15.782"/>
  <system-out/>
</testsuite> <!-- com.qa.hvcom.tests.HomePageTest -->
